2024-05-06 12:24:56,523 - INFO - User: hi
2024-05-06 12:24:56,533 - INFO - Bot: Hello
2024-05-06 12:25:00,945 - INFO - User: any python opening?
2024-05-06 12:25:00,959 - INFO - Bot: Could not understand your query. Please rephrase it again
2024-05-06 12:25:14,125 - INFO - User: any job opening?
2024-05-06 12:25:14,146 - INFO - Bot: Please visit the sumasoft career page, work with us and submit your resume.
2024-05-06 12:25:23,310 - INFO - User: python job opening?
2024-05-06 12:25:23,335 - INFO - Bot: Please visit the sumasoft career page, work with us and submit your resume.
2024-05-06 12:25:32,900 - INFO - User: java job opening?
2024-05-06 12:25:32,918 - INFO - Bot: Please visit the sumasoft career page, work with us and submit your resume.
2024-05-06 12:25:41,993 - INFO - User: Seq2SeqTrainingArguments
2024-05-06 12:25:42,011 - INFO - Bot: Please share your full name, company email id and phone number.(Example: Name:John,Email-id:john@gmail.com,MobileNumber:9922768990)
2024-05-06 12:25:52,650 - INFO - User: any opening for java?
2024-05-06 12:25:52,667 - INFO - Bot: Please share your full name, company email id and phone number.(Example: Name:John,Email-id:john@gmail.com,MobileNumber:9922768990)
2024-05-06 12:26:08,032 - INFO - User: any opening for java
2024-05-06 12:26:08,052 - INFO - Bot: Please share your full name, company email id and phone number.(Example: Name:John,Email-id:john@gmail.com,MobileNumber:9922768990)
2024-05-06 12:26:13,005 - INFO - User: java opening>
2024-05-06 12:26:13,026 - INFO - Bot: Could not understand your query. Please rephrase it again
2024-05-06 12:26:20,351 - INFO - User: java job opening?
2024-05-06 12:26:20,373 - INFO - Bot: Please visit the sumasoft career page, work with us and submit your resume.
2024-05-06 12:26:58,752 - INFO - User: java vacancy ?
2024-05-06 12:26:58,771 - INFO - Bot: Please visit the sumasoft career page, work with us and submit your resume.
2024-05-06 12:27:14,054 - INFO - User: dot net vacancy 
2024-05-06 12:27:14,070 - INFO - Bot: Please visit the sumasoft career page, work with us and submit your resume.
2024-05-06 12:27:51,004 - INFO - User: no i am not sharing my details
2024-05-06 12:27:51,023 - INFO - Bot: https://www.sumasoft.com/careers/
