2024-05-20 12:01:29,832 - INFO - User: prime minister?
2024-05-20 12:01:29,959 - INFO - Bot: Please share your full name, company email id and phone number.(Example: Name:John,Email-id:john@gmail.com,MobileNumber:9922768990)
2024-05-20 12:01:33,833 - INFO - User: bye
2024-05-20 12:01:33,889 - INFO - Bot: Welcome to Sumasoft How we may I help you?
2024-05-20 12:01:40,169 - INFO - User: shut up
2024-05-20 12:01:40,249 - INFO - Bot: Welcome to Sumasoft How we may I help you?
2024-05-20 12:01:42,983 - INFO - User: nnn
2024-05-20 12:01:43,068 - INFO - Bot: Thank you for contacting suma soft pvt. ltd.
2024-05-20 12:01:44,922 - INFO - User: mm
2024-05-20 12:01:44,973 - INFO - Bot: Thank you for contacting suma soft pvt. ltd.
2024-05-20 12:01:46,688 - INFO - User: a
2024-05-20 12:01:46,702 - INFO - Bot: Thank you for contacting suma soft pvt. ltd.
2024-05-20 12:01:48,601 - INFO - User: vv
2024-05-20 12:01:48,621 - INFO - Bot: Welcome to Sumasoft How we may I help you?
2024-05-20 12:01:53,265 - INFO - User: vaccacy for java
2024-05-20 12:01:53,370 - INFO - Bot: Please visit the sumasoft career page, work with us and submit your resume.
2024-05-20 12:02:00,101 - INFO - User: opening for python
2024-05-20 12:02:00,157 - INFO - Bot: Please visit sumasoft career page, then go to come work with us and submit your resume.
2024-05-20 12:02:04,939 - INFO - User: no
2024-05-20 12:02:04,962 - INFO - Bot: Thank you for contacting suma soft pvt. ltd.
2024-05-20 12:02:08,257 - INFO - User: x
2024-05-20 12:02:08,280 - INFO - Bot: Thank you for contacting suma soft pvt. ltd.
2024-05-20 12:02:23,370 - INFO - User: quote for STQC
2024-05-20 12:02:23,507 - INFO - Bot: Please share your full name, company email id and phone number.(Example: Name:John,Email-id:john@gmail.com,MobileNumber:9922768990)
2024-05-20 12:02:35,635 - INFO - User: Can you help to get a quote for STQC?
2024-05-20 12:02:35,677 - INFO - Bot: Please share your full name, company email id and phone number.(Example: Name:John,Email-id:john@gmail.com,MobileNumber:9922768990)
2024-05-20 12:02:45,841 - INFO - User:  AIML services
2024-05-20 12:02:45,899 - INFO - Bot: Please share your full name, company email id and phone number.(Example: Name:John,Email-id:john@gmail.com,MobileNumber:9922768990)
