2024-05-08 15:24:09,739 - INFO - User: gm 
2024-05-08 15:24:09,943 - INFO - Bot: good morning
2024-05-08 15:24:16,038 - INFO - User: who are u?
2024-05-08 15:24:16,694 - INFO - Bot: Good
2024-05-08 15:24:35,912 - INFO - User: need quote for stqc?
2024-05-08 15:24:36,223 - INFO - Bot: Please share your full name, company email id and phone number.(Example: Name:John,Email-id:john@gmail.com,MobileNumber:9922768990)
2024-05-08 15:24:53,752 - INFO - User: opening for java?
2024-05-08 15:24:53,881 - INFO - Bot: Please share your full name, company email id and phone number.(Example: Name:John,Email-id:john@gmail.com,MobileNumber:9922768990)
2024-05-08 15:25:02,990 - INFO - User: any opening for java?
2024-05-08 15:25:03,086 - INFO - Bot: Please share your full name, company email id and phone number.(Example: Name:John,Email-id:john@gmail.com,MobileNumber:9922768990)
2024-05-08 15:25:26,373 - INFO - User: please sahre a quote for application development 
2024-05-08 15:25:26,544 - INFO - Bot: Please share your full name, company email id and phone number.(Example: Name:John,Email-id:john@gmail.com,MobileNumber:9922768990)
2024-05-08 15:25:37,405 - INFO - User: any fresher opening
2024-05-08 15:25:37,461 - INFO - Bot: Please visit the sumasoft career page, work with us and submit your resume.
2024-05-08 15:25:46,568 - INFO - User:  any opening for python
2024-05-08 15:25:46,602 - INFO - Bot: Please share your full name, company email id and phone number.(Example: Name:John,Email-id:john@gmail.com,MobileNumber:9922768990)
2024-05-08 15:25:59,087 - INFO - User: java opening>
2024-05-08 15:25:59,132 - INFO - Bot: Please contact the Tech Support team at techsupport-services@sumasoft.net
2024-05-08 15:26:12,402 - INFO - User: pricing for tetsing?
2024-05-08 15:26:12,544 - INFO - Bot: Please share your full name, company email id and phone number.(Example: Name:John,Email-id:john@gmail.com,MobileNumber:9922768990)
2024-05-08 15:26:36,658 - INFO - User: need to quotes
2024-05-08 15:26:36,755 - INFO - Bot: Please share your full name, company email id and phone number.(Example: Name:John,Email-id:john@gmail.com,MobileNumber:9922768990)
2024-05-08 15:26:41,821 - INFO - User: hmmmmm
2024-05-08 15:26:41,955 - INFO - Bot: Thank you for contacting suma soft pvt. ltd.
2024-05-08 15:26:44,443 - INFO - User: ok
2024-05-08 15:26:44,488 - INFO - Bot: Thank you for contacting suma soft pvt. ltd.
2024-05-08 15:26:51,370 - INFO - User: yrda ahes ka
2024-05-08 15:26:51,488 - INFO - Bot: Please visit the sumasoft career page, work with us and submit your resume.
2024-05-08 15:26:59,046 - INFO - User: chup
2024-05-08 15:26:59,080 - INFO - Bot: Welcome to Sumasoft How we may I help you?
2024-05-08 15:27:05,586 - INFO - User: gap jra
2024-05-08 15:27:05,661 - INFO - Bot: Welcome to Sumasoft How we may I help you?
2024-05-08 15:27:08,224 - INFO - User: ye
2024-05-08 15:27:08,268 - INFO - Bot: Thank you for contacting suma soft pvt. ltd.
2024-05-08 15:27:14,541 - INFO - User: hfjioor
2024-05-08 15:27:14,646 - INFO - Bot: Welcome to Sumasoft How we may I help you?
2024-05-08 15:27:19,552 - INFO - User: r4556
2024-05-08 15:27:19,632 - INFO - Bot: Thanks for sharing your details.
2024-05-08 15:27:36,810 - INFO - User: prime minister of india
2024-05-08 15:27:36,861 - INFO - Bot: Please share your full name, company email id and phone number.(Example: Name:John,Email-id:john@gmail.com,MobileNumber:9922768990)
2024-05-08 15:27:45,202 - INFO - User: what is your 
2024-05-08 15:27:45,262 - INFO - Bot: Please share your full name, company email id and phone number.(Example: Name:John,Email-id:john@gmail.com,MobileNumber:9922768990)
2024-05-08 15:27:54,664 - INFO - User: are u brg
2024-05-08 15:27:54,714 - INFO - Bot: Welcome to Sumasoft How we may I help you?
