2024-05-14 16:53:06,197 - INFO - User: Hi
2024-05-14 16:53:06,215 - INFO - Bot: Hello
2024-05-14 16:53:17,700 - INFO - User: i want to know more about O Rickshaw 
2024-05-14 16:53:17,773 - INFO - Bot: Please share your full name, company email id and phone number.(Example: Name:John,Email-id:john@gmail.com,MobileNumber:9922768990)
2024-05-14 16:53:59,335 - INFO - User: Name -alex , emailid - alex.s@sumasoft.net
2024-05-14 16:53:59,402 - INFO - Bot: Thanks for sharing your details.
2024-05-14 16:55:25,095 - INFO - User: when I can expect call or email from you ? 
2024-05-14 16:55:25,265 - INFO - Bot: Please share your full name, company email id and phone number.(Example: Name:John,Email-id:john@gmail.com,MobileNumber:9922768990)
2024-05-14 16:56:31,046 - INFO - User: i have alredy shared 
2024-05-14 16:56:31,157 - INFO - Bot: https://www.sumasoft.com/careers/
2024-05-15 18:10:37,475 - INFO - User: Hello
2024-05-15 18:10:37,500 - INFO - Bot: Hi
2024-05-15 18:10:40,566 - INFO - User: What precisely does Suma Soft Company do, may I ask?
2024-05-15 18:10:40,593 - INFO - Bot: May I know your purpose? 
2024-05-15 18:11:20,466 - INFO - User: I want to know more about suma soft for my related services .
2024-05-15 18:11:20,541 - INFO - Bot: May I know your purpose? 
2024-05-15 18:12:44,739 - INFO - User: I want to know more about suma soft services and purpose is that i have a projects so i need to know about suma soft . 
2024-05-15 18:12:45,099 - INFO - Bot: May I know your purpose? 
2024-05-15 18:14:11,804 - INFO - User: I want suma soft services for my work. Can you connect me with your expert? 
2024-05-15 18:14:11,985 - INFO - Bot: Please share your full name, company email id and phone number.(Example: Name:John,Email-id:john@gmail.com,MobileNumber:9922768990)
2024-05-15 18:14:36,358 - INFO - User: Name -alex , emailid - alex.s@sumasoft.net
2024-05-15 18:14:36,391 - INFO - Bot: Thanks for sharing your details.
