2024-04-30 13:16:36,468 - ERROR - Session ID: 140397880284544 - User Query: welcome
2024-04-30 13:33:49,736 - ERROR - Session ID: 139824258804896 - User Query: pricing for tetsing?
2024-04-30 13:34:02,651 - ERROR - Session ID: 139824258804896 - User Query: pricing for tetsing?
2024-04-30 13:39:25,423 - ERROR - Session ID: 140586171064032 - User Query: pricing for tetsing?
2024-04-30 15:48:40,032 - ERROR - Session ID: 139958154435456 - User Query: what is pricing for tetsing?
2024-04-30 15:49:16,394 - ERROR - Session ID: 139958154435456 - User Query: pricing for tetsing?
2024-04-30 17:04:08,416 - ERROR - Session ID: 140136627313440 - User Query: AIML services 
2024-04-30 17:04:47,038 - ERROR - Session ID: 140136627313440 - User Query: dot net development 
2024-05-06 11:39:18,380 - ERROR - Session ID: 140135290277312 - User Query: may i know who is this ? 
2024-05-06 11:40:54,814 - ERROR - Session ID: 140135290277312 - User Query: can you help to get quote for STQC ?
2024-05-06 11:45:50,375 - ERROR - Session ID: 140135290275440 - User Query: "Can you help to get a quote for STQC?"
2024-05-06 11:46:03,679 - ERROR - Session ID: 140135290276400 - User Query: Can you help to get a quote for STQC?
2024-05-06 11:46:44,880 - ERROR - Session ID: 140135290275104 - User Query: please sahre a quote for application development 
2024-05-06 11:47:38,711 - ERROR - Session ID: 140135290275344 - User Query: Can you help to get a quote for STQC?
2024-05-06 11:52:55,518 - ERROR - Session ID: 140135263614672 - User Query: any fresher opening
2024-05-06 11:53:09,537 - ERROR - Session ID: 140135263614672 - User Query: any opening for python
2024-05-06 11:53:25,331 - ERROR - Session ID: 140135263614672 - User Query: python opening
2024-05-06 12:02:08,121 - ERROR - Session ID: 140135263615248 - User Query: Need quote for stqc?
2024-05-06 12:06:57,426 - ERROR - Session ID: 140550812094368 - User Query: quote for STQC
2024-05-06 12:25:00,959 - ERROR - Session ID: 140292401617504 - User Query: any python opening?
2024-05-06 12:26:13,026 - ERROR - Session ID: 140292401617504 - User Query: java opening>
2024-05-06 12:33:16,411 - ERROR - Session ID: 140076334053072 - User Query: openingf for java?
2024-05-06 12:44:04,845 - ERROR - Session ID: 139961035098720 - User Query: any opening for python?
2024-05-06 12:54:17,311 - ERROR - Session ID: 139737748757088 - User Query: any opening for pyhton developer?
2024-05-06 12:55:17,282 - ERROR - Session ID: 139737621548192 - User Query: any opening for pyhton developer?
2024-05-06 12:55:26,221 - ERROR - Session ID: 139737621548192 - User Query: any opening for python
2024-05-06 15:10:27,015 - ERROR - Session ID: 139737608634960 - User Query: opening for python?
2024-05-06 15:12:24,593 - ERROR - Session ID: 139737621546320 - User Query: any opening for python?
2024-05-06 15:13:31,891 - ERROR - Session ID: 139737608634960 - User Query: any opporunity for python?
2024-05-06 15:16:20,589 - ERROR - Session ID: 139737621546320 - User Query: any opening for python
